time="05 May 22 20:42 EDT" level=info msg="Starting service."
time="05 May 22 20:42 EDT" level=info msg="URL: / | Method: GET"
time="05 May 22 20:42 EDT" level=info msg="URL: /static/css/duckysdockside.css | Method: GET"
time="05 May 22 21:08 EDT" level=info msg="Starting service."
time="05 May 22 21:08 EDT" level=info msg="URL: / | Method: GET"
time="05 May 22 21:08 EDT" level=info msg="URL: /static/js/googlemap.js | Method: GET"
time="05 May 22 21:08 EDT" level=info msg="URL: /static/css/duckysdockside.css | Method: GET"
time="05 May 22 21:08 EDT" level=info msg="URL: /static/js/carousel.js | Method: GET"
time="05 May 22 21:08 EDT" level=info msg="URL: /static/img/logos/DDS_Logo.jpg | Method: GET"
time="05 May 22 21:08 EDT" level=info msg="URL: /static/img/logos/FB-IMG-1648064523173.JPG | Method: GET"
time="05 May 22 21:08 EDT" level=info msg="URL: /static/img/logos/0630211949-HDR.JPG | Method: GET"
time="05 May 22 21:08 EDT" level=info msg="URL: /static/img/carousel/output-image1647987426793.JPG | Method: GET"
time="05 May 22 21:08 EDT" level=info msg="URL: /static/img/carousel/output-image1647987375846.JPG | Method: GET"
time="05 May 22 21:08 EDT" level=info msg="URL: /static/img/carousel/imagejpeg-0.JPG | Method: GET"
time="05 May 22 21:08 EDT" level=info msg="URL: /static/img/carousel/IMG_3018.jpg | Method: GET"
time="05 May 22 21:08 EDT" level=info msg="URL: /static/img/carousel/IMG_2995.jpg | Method: GET"
time="05 May 22 21:08 EDT" level=info msg="URL: /static/img/carousel/IMG_3016.jpg | Method: GET"
time="05 May 22 21:08 EDT" level=info msg="URL: /static/img/carousel/output-image1647987394780.JPG | Method: GET"
time="05 May 22 21:08 EDT" level=info msg="URL: /static/img/carousel/IMG_2848.jpg | Method: GET"
time="05 May 22 21:08 EDT" level=info msg="URL: /static/img/carousel/IMG_2998.jpg | Method: GET"
time="05 May 22 21:08 EDT" level=info msg="URL: /static/img/carousel/IMG_2849.jpg | Method: GET"
time="05 May 22 21:08 EDT" level=info msg="URL: /static/img/carousel/IMG_2991.jpg | Method: GET"
time="05 May 22 21:08 EDT" level=info msg="URL: /static/img/carousel/IMG_3015.jpg | Method: GET"
time="05 May 22 21:08 EDT" level=info msg="URL: /static/img/carbike_Icon.png | Method: GET"
time="05 May 22 21:08 EDT" level=info msg="URL: /static/img/phone_Icon.png | Method: GET"
time="05 May 22 21:08 EDT" level=info msg="URL: /static/img/logos/facebook_Logo.png | Method: GET"
time="05 May 22 21:08 EDT" level=info msg="URL: /static/img/wifi_Icon.png | Method: GET"
time="05 May 22 21:08 EDT" level=info msg="URL: /static/img/google-mini.png | Method: GET"
time="05 May 22 21:08 EDT" level=info msg="URL: /static/img/logos/DDS_Swampwagon_Logo.jpg | Method: GET"
time="05 May 22 21:08 EDT" level=info msg="URL: /static/img/favicon/favicon-32x32.png | Method: GET"
time="05 May 22 21:10 EDT" level=info msg="Starting service."
time="05 May 22 21:10 EDT" level=info msg="URL: / | Method: GET"
time="05 May 22 21:10 EDT" level=info msg="URL: /static/js/carousel.js | Method: GET"
time="05 May 22 21:10 EDT" level=info msg="URL: /static/css/duckysdockside.css | Method: GET"
time="05 May 22 21:11 EDT" level=info msg="URL: / | Method: GET"
time="05 May 22 21:11 EDT" level=info msg="URL: /static/css/duckysdockside.css | Method: GET"
time="05 May 22 21:11 EDT" level=info msg="URL: /static/js/googlemap.js | Method: GET"
time="05 May 22 21:11 EDT" level=info msg="URL: /static/js/carousel.js | Method: GET"
time="05 May 22 21:11 EDT" level=info msg="URL: /static/img/logos/DDS_Logo.jpg | Method: GET"
time="05 May 22 21:11 EDT" level=info msg="URL: /static/img/logos/FB-IMG-1648064523173.JPG | Method: GET"
time="05 May 22 21:11 EDT" level=info msg="URL: /static/img/logos/0630211949-HDR.JPG | Method: GET"
time="05 May 22 21:11 EDT" level=info msg="URL: /static/img/carousel/output-image1647987426793.JPG | Method: GET"
time="05 May 22 21:11 EDT" level=info msg="URL: /static/img/carousel/output-image1647987375846.JPG | Method: GET"
time="05 May 22 21:11 EDT" level=info msg="URL: /static/img/carousel/imagejpeg-0.JPG | Method: GET"
time="05 May 22 21:11 EDT" level=info msg="URL: /static/img/carousel/IMG_3018.jpg | Method: GET"
time="05 May 22 21:11 EDT" level=info msg="URL: /static/img/carousel/output-image1647987394780.JPG | Method: GET"
time="05 May 22 21:11 EDT" level=info msg="URL: /static/img/carousel/IMG_2995.jpg | Method: GET"
time="05 May 22 21:11 EDT" level=info msg="URL: /static/img/carousel/IMG_2848.jpg | Method: GET"
time="05 May 22 21:11 EDT" level=info msg="URL: /static/img/carousel/IMG_3016.jpg | Method: GET"
time="05 May 22 21:11 EDT" level=info msg="URL: /static/img/carousel/IMG_2998.jpg | Method: GET"
time="05 May 22 21:11 EDT" level=info msg="URL: /static/img/carousel/IMG_2849.jpg | Method: GET"
time="05 May 22 21:11 EDT" level=info msg="URL: /static/img/carousel/IMG_2991.jpg | Method: GET"
time="05 May 22 21:11 EDT" level=info msg="URL: /static/img/carousel/IMG_3015.jpg | Method: GET"
time="05 May 22 21:11 EDT" level=info msg="URL: /static/img/carbike_Icon.png | Method: GET"
time="05 May 22 21:11 EDT" level=info msg="URL: /static/img/phone_Icon.png | Method: GET"
time="05 May 22 21:11 EDT" level=info msg="URL: /static/img/logos/facebook_Logo.png | Method: GET"
time="05 May 22 21:11 EDT" level=info msg="URL: /static/img/google-mini.png | Method: GET"
time="05 May 22 21:11 EDT" level=info msg="URL: /static/img/wifi_Icon.png | Method: GET"
time="05 May 22 21:11 EDT" level=info msg="URL: /static/img/logos/DDS_Swampwagon_Logo.jpg | Method: GET"
time="05 May 22 21:11 EDT" level=info msg="URL: /static/img/favicon/favicon-32x32.png | Method: GET"
time="05 May 22 21:13 EDT" level=info msg="Starting service."
time="05 May 22 21:13 EDT" level=info msg="URL: / | Method: GET"
time="05 May 22 21:13 EDT" level=info msg="URL: /static/css/duckysdockside.css | Method: GET"
time="05 May 22 21:13 EDT" level=info msg="URL: /static/js/carousel.js | Method: GET"
time="05 May 22 21:14 EDT" level=info msg="URL: / | Method: GET"
time="05 May 22 21:14 EDT" level=info msg="URL: /static/js/carousel.js | Method: GET"
time="05 May 22 21:14 EDT" level=info msg="URL: /static/css/duckysdockside.css | Method: GET"
time="05 May 22 21:15 EDT" level=info msg="Starting service."
time="05 May 22 21:15 EDT" level=info msg="URL: / | Method: GET"
time="05 May 22 21:15 EDT" level=info msg="URL: /static/js/carousel.js | Method: GET"
time="05 May 22 21:15 EDT" level=info msg="URL: /static/js/googlemap.js | Method: GET"
time="05 May 22 21:15 EDT" level=info msg="URL: /static/css/duckysdockside.css | Method: GET"
time="05 May 22 21:15 EDT" level=info msg="URL: /static/img/logos/DDS_Logo.jpg | Method: GET"
time="05 May 22 21:15 EDT" level=info msg="URL: /static/img/logos/FB-IMG-1648064523173.JPG | Method: GET"
time="05 May 22 21:15 EDT" level=info msg="URL: /static/img/logos/0630211949-HDR.JPG | Method: GET"
time="05 May 22 21:15 EDT" level=info msg="URL: /static/img/carousel/output-image1647987426793.JPG | Method: GET"
time="05 May 22 21:15 EDT" level=info msg="URL: /static/img/carousel/output-image1647987375846.JPG | Method: GET"
time="05 May 22 21:15 EDT" level=info msg="URL: /static/img/carousel/IMG_3018.jpg | Method: GET"
time="05 May 22 21:15 EDT" level=info msg="URL: /static/img/carousel/imagejpeg-0.JPG | Method: GET"
time="05 May 22 21:15 EDT" level=info msg="URL: /static/img/carousel/output-image1647987394780.JPG | Method: GET"
time="05 May 22 21:15 EDT" level=info msg="URL: /static/img/carousel/IMG_2995.jpg | Method: GET"
time="05 May 22 21:15 EDT" level=info msg="URL: /static/img/carousel/IMG_3016.jpg | Method: GET"
time="05 May 22 21:15 EDT" level=info msg="URL: /static/img/carousel/IMG_2848.jpg | Method: GET"
time="05 May 22 21:15 EDT" level=info msg="URL: /static/img/carousel/IMG_2849.jpg | Method: GET"
time="05 May 22 21:15 EDT" level=info msg="URL: /static/img/carousel/IMG_2998.jpg | Method: GET"
time="05 May 22 21:15 EDT" level=info msg="URL: /static/img/carousel/IMG_2991.jpg | Method: GET"
time="05 May 22 21:15 EDT" level=info msg="URL: /static/img/phone_Icon.png | Method: GET"
time="05 May 22 21:15 EDT" level=info msg="URL: /static/img/logos/facebook_Logo.png | Method: GET"
time="05 May 22 21:15 EDT" level=info msg="URL: /static/img/carbike_Icon.png | Method: GET"
time="05 May 22 21:15 EDT" level=info msg="URL: /static/img/google-mini.png | Method: GET"
time="05 May 22 21:15 EDT" level=info msg="URL: /static/img/carousel/IMG_3015.jpg | Method: GET"
time="05 May 22 21:15 EDT" level=info msg="URL: /static/img/wifi_Icon.png | Method: GET"
time="05 May 22 21:15 EDT" level=info msg="URL: /static/img/logos/DDS_Swampwagon_Logo.jpg | Method: GET"
time="05 May 22 21:15 EDT" level=info msg="URL: /static/img/favicon/favicon-32x32.png | Method: GET"
time="05 May 22 21:16 EDT" level=info msg="URL: /static/css/duckysdockside.css | Method: GET"
time="05 May 22 21:17 EDT" level=info msg="Starting service."
time="05 May 22 21:17 EDT" level=info msg="URL: / | Method: GET"
time="05 May 22 21:17 EDT" level=info msg="URL: /static/js/carousel.js | Method: GET"
time="05 May 22 21:17 EDT" level=info msg="URL: /static/js/googlemap.js | Method: GET"
time="05 May 22 21:17 EDT" level=info msg="URL: /static/css/duckysdockside.css | Method: GET"
time="05 May 22 21:17 EDT" level=info msg="URL: /static/img/logos/DDS_Logo.jpg | Method: GET"
time="05 May 22 21:17 EDT" level=info msg="URL: /static/img/logos/FB-IMG-1648064523173.JPG | Method: GET"
time="05 May 22 21:17 EDT" level=info msg="URL: /static/img/logos/0630211949-HDR.JPG | Method: GET"
time="05 May 22 21:17 EDT" level=info msg="URL: /static/img/carousel/output-image1647987426793.JPG | Method: GET"
time="05 May 22 21:17 EDT" level=info msg="URL: /static/img/carousel/output-image1647987375846.JPG | Method: GET"
time="05 May 22 21:17 EDT" level=info msg="URL: /static/img/carousel/imagejpeg-0.JPG | Method: GET"
time="05 May 22 21:17 EDT" level=info msg="URL: /static/img/carousel/IMG_3018.jpg | Method: GET"
time="05 May 22 21:17 EDT" level=info msg="URL: /static/img/carousel/output-image1647987394780.JPG | Method: GET"
time="05 May 22 21:17 EDT" level=info msg="URL: /static/img/carousel/IMG_3016.jpg | Method: GET"
time="05 May 22 21:17 EDT" level=info msg="URL: /static/img/carousel/IMG_2995.jpg | Method: GET"
time="05 May 22 21:17 EDT" level=info msg="URL: /static/img/carousel/IMG_2848.jpg | Method: GET"
time="05 May 22 21:17 EDT" level=info msg="URL: /static/img/carousel/IMG_2998.jpg | Method: GET"
time="05 May 22 21:17 EDT" level=info msg="URL: /static/img/carousel/IMG_2849.jpg | Method: GET"
time="05 May 22 21:17 EDT" level=info msg="URL: /static/img/carousel/IMG_2991.jpg | Method: GET"
time="05 May 22 21:17 EDT" level=info msg="URL: /static/img/carousel/IMG_3015.jpg | Method: GET"
time="05 May 22 21:17 EDT" level=info msg="URL: /static/img/carbike_Icon.png | Method: GET"
time="05 May 22 21:17 EDT" level=info msg="URL: /static/img/phone_Icon.png | Method: GET"
time="05 May 22 21:17 EDT" level=info msg="URL: /static/img/logos/facebook_Logo.png | Method: GET"
time="05 May 22 21:17 EDT" level=info msg="URL: /static/img/wifi_Icon.png | Method: GET"
time="05 May 22 21:17 EDT" level=info msg="URL: /static/img/google-mini.png | Method: GET"
time="05 May 22 21:17 EDT" level=info msg="URL: /static/img/logos/DDS_Swampwagon_Logo.jpg | Method: GET"
time="05 May 22 21:17 EDT" level=info msg="URL: /static/img/favicon/favicon-32x32.png | Method: GET"
time="05 May 22 21:18 EDT" level=info msg="Starting service."
time="05 May 22 21:18 EDT" level=info msg="URL: / | Method: GET"
time="05 May 22 21:18 EDT" level=info msg="URL: /static/js/carousel.js | Method: GET"
time="05 May 22 21:18 EDT" level=info msg="URL: /static/css/duckysdockside.css | Method: GET"
time="05 May 22 21:19 EDT" level=info msg="Starting service."
time="05 May 22 21:19 EDT" level=info msg="URL: / | Method: GET"
time="05 May 22 21:19 EDT" level=info msg="URL: /static/css/duckysdockside.css | Method: GET"
time="05 May 22 21:19 EDT" level=info msg="URL: /static/js/googlemap.js | Method: GET"
time="05 May 22 21:19 EDT" level=info msg="URL: /static/js/carousel.js | Method: GET"
time="05 May 22 21:19 EDT" level=info msg="URL: /static/img/logos/DDS_Logo.jpg | Method: GET"
time="05 May 22 21:19 EDT" level=info msg="URL: /static/img/logos/FB-IMG-1648064523173.JPG | Method: GET"
time="05 May 22 21:19 EDT" level=info msg="URL: /static/img/logos/0630211949-HDR.JPG | Method: GET"
time="05 May 22 21:19 EDT" level=info msg="URL: /static/img/carousel/output-image1647987426793.JPG | Method: GET"
time="05 May 22 21:19 EDT" level=info msg="URL: /static/img/carousel/output-image1647987375846.JPG | Method: GET"
time="05 May 22 21:19 EDT" level=info msg="URL: /static/img/carousel/imagejpeg-0.JPG | Method: GET"
time="05 May 22 21:19 EDT" level=info msg="URL: /static/img/carousel/IMG_3018.jpg | Method: GET"
time="05 May 22 21:19 EDT" level=info msg="URL: /static/img/carousel/output-image1647987394780.JPG | Method: GET"
time="05 May 22 21:19 EDT" level=info msg="URL: /static/img/carousel/IMG_2995.jpg | Method: GET"
time="05 May 22 21:19 EDT" level=info msg="URL: /static/img/carousel/IMG_3016.jpg | Method: GET"
time="05 May 22 21:19 EDT" level=info msg="URL: /static/img/carousel/IMG_2998.jpg | Method: GET"
time="05 May 22 21:19 EDT" level=info msg="URL: /static/img/carousel/IMG_2848.jpg | Method: GET"
time="05 May 22 21:19 EDT" level=info msg="URL: /static/img/carousel/IMG_2849.jpg | Method: GET"
time="05 May 22 21:19 EDT" level=info msg="URL: /static/img/carousel/IMG_2991.jpg | Method: GET"
time="05 May 22 21:19 EDT" level=info msg="URL: /static/img/carousel/IMG_3015.jpg | Method: GET"
time="05 May 22 21:19 EDT" level=info msg="URL: /static/img/carbike_Icon.png | Method: GET"
time="05 May 22 21:19 EDT" level=info msg="URL: /static/img/phone_Icon.png | Method: GET"
time="05 May 22 21:19 EDT" level=info msg="URL: /static/img/wifi_Icon.png | Method: GET"
time="05 May 22 21:19 EDT" level=info msg="URL: /static/img/logos/facebook_Logo.png | Method: GET"
time="05 May 22 21:19 EDT" level=info msg="URL: /static/img/google-mini.png | Method: GET"
time="05 May 22 21:19 EDT" level=info msg="URL: /static/img/logos/DDS_Swampwagon_Logo.jpg | Method: GET"
time="05 May 22 21:19 EDT" level=info msg="URL: /static/img/favicon/favicon-32x32.png | Method: GET"
time="05 May 22 21:20 EDT" level=info msg="Starting service."
time="05 May 22 21:20 EDT" level=info msg="URL: / | Method: GET"
time="05 May 22 21:20 EDT" level=info msg="URL: /static/css/duckysdockside.css | Method: GET"
time="05 May 22 21:20 EDT" level=info msg="URL: /static/js/carousel.js | Method: GET"
time="05 May 22 21:21 EDT" level=info msg="Starting service."
time="05 May 22 21:21 EDT" level=info msg="URL: / | Method: GET"
time="05 May 22 21:21 EDT" level=info msg="URL: /static/css/duckysdockside.css | Method: GET"
time="05 May 22 21:21 EDT" level=info msg="URL: /static/js/googlemap.js | Method: GET"
time="05 May 22 21:21 EDT" level=info msg="URL: /static/js/carousel.js | Method: GET"
time="05 May 22 21:21 EDT" level=info msg="URL: /static/img/logos/DDS_Logo.jpg | Method: GET"
time="05 May 22 21:21 EDT" level=info msg="URL: /static/img/logos/FB-IMG-1648064523173.JPG | Method: GET"
time="05 May 22 21:21 EDT" level=info msg="URL: /static/img/logos/0630211949-HDR.JPG | Method: GET"
time="05 May 22 21:21 EDT" level=info msg="URL: /static/img/carousel/output-image1647987426793.JPG | Method: GET"
time="05 May 22 21:21 EDT" level=info msg="URL: /static/img/carousel/output-image1647987375846.JPG | Method: GET"
time="05 May 22 21:21 EDT" level=info msg="URL: /static/img/carousel/imagejpeg-0.JPG | Method: GET"
time="05 May 22 21:21 EDT" level=info msg="URL: /static/img/carousel/IMG_3018.jpg | Method: GET"
time="05 May 22 21:21 EDT" level=info msg="URL: /static/img/carousel/IMG_2995.jpg | Method: GET"
time="05 May 22 21:21 EDT" level=info msg="URL: /static/img/carousel/IMG_3016.jpg | Method: GET"
time="05 May 22 21:21 EDT" level=info msg="URL: /static/img/carousel/output-image1647987394780.JPG | Method: GET"
time="05 May 22 21:21 EDT" level=info msg="URL: /static/img/carousel/IMG_2848.jpg | Method: GET"
time="05 May 22 21:21 EDT" level=info msg="URL: /static/img/carousel/IMG_2998.jpg | Method: GET"
time="05 May 22 21:21 EDT" level=info msg="URL: /static/img/carousel/IMG_2991.jpg | Method: GET"
time="05 May 22 21:21 EDT" level=info msg="URL: /static/img/carousel/IMG_2849.jpg | Method: GET"
time="05 May 22 21:21 EDT" level=info msg="URL: /static/img/carousel/IMG_3015.jpg | Method: GET"
time="05 May 22 21:21 EDT" level=info msg="URL: /static/img/carbike_Icon.png | Method: GET"
time="05 May 22 21:21 EDT" level=info msg="URL: /static/img/phone_Icon.png | Method: GET"
time="05 May 22 21:21 EDT" level=info msg="URL: /static/img/logos/facebook_Logo.png | Method: GET"
time="05 May 22 21:21 EDT" level=info msg="URL: /static/img/google-mini.png | Method: GET"
time="05 May 22 21:21 EDT" level=info msg="URL: /static/img/wifi_Icon.png | Method: GET"
time="05 May 22 21:21 EDT" level=info msg="URL: /static/img/logos/DDS_Swampwagon_Logo.jpg | Method: GET"
time="05 May 22 21:21 EDT" level=info msg="URL: /static/img/favicon/favicon-32x32.png | Method: GET"
time="05 May 22 21:22 EDT" level=info msg="Starting service."
time="05 May 22 21:22 EDT" level=info msg="URL: / | Method: GET"
time="05 May 22 21:22 EDT" level=info msg="URL: /static/css/duckysdockside.css | Method: GET"
time="05 May 22 21:22 EDT" level=info msg="URL: /static/js/carousel.js | Method: GET"
time="05 May 22 21:24 EDT" level=info msg="Starting service."
time="05 May 22 21:24 EDT" level=info msg="URL: / | Method: GET"
time="05 May 22 21:24 EDT" level=info msg="URL: /static/js/googlemap.js | Method: GET"
time="05 May 22 21:24 EDT" level=info msg="URL: /static/js/carousel.js | Method: GET"
time="05 May 22 21:24 EDT" level=info msg="URL: /static/css/duckysdockside.css | Method: GET"
time="05 May 22 21:24 EDT" level=info msg="URL: /static/img/logos/DDS_Logo.jpg | Method: GET"
time="05 May 22 21:24 EDT" level=info msg="URL: /static/img/logos/FB-IMG-1648064523173.JPG | Method: GET"
time="05 May 22 21:24 EDT" level=info msg="URL: /static/img/logos/0630211949-HDR.JPG | Method: GET"
time="05 May 22 21:24 EDT" level=info msg="URL: /static/img/carousel/output-image1647987426793.JPG | Method: GET"
time="05 May 22 21:24 EDT" level=info msg="URL: /static/img/carousel/output-image1647987375846.JPG | Method: GET"
time="05 May 22 21:24 EDT" level=info msg="URL: /static/img/carousel/imagejpeg-0.JPG | Method: GET"
time="05 May 22 21:24 EDT" level=info msg="URL: /static/img/carousel/output-image1647987394780.JPG | Method: GET"
time="05 May 22 21:24 EDT" level=info msg="URL: /static/img/carousel/IMG_3018.jpg | Method: GET"
time="05 May 22 21:24 EDT" level=info msg="URL: /static/img/carousel/IMG_2995.jpg | Method: GET"
time="05 May 22 21:24 EDT" level=info msg="URL: /static/img/carousel/IMG_3016.jpg | Method: GET"
time="05 May 22 21:24 EDT" level=info msg="URL: /static/img/carousel/IMG_2848.jpg | Method: GET"
time="05 May 22 21:24 EDT" level=info msg="URL: /static/img/carousel/IMG_2998.jpg | Method: GET"
time="05 May 22 21:24 EDT" level=info msg="URL: /static/img/carousel/IMG_2849.jpg | Method: GET"
time="05 May 22 21:24 EDT" level=info msg="URL: /static/img/carousel/IMG_2991.jpg | Method: GET"
time="05 May 22 21:24 EDT" level=info msg="URL: /static/img/carousel/IMG_3015.jpg | Method: GET"
time="05 May 22 21:24 EDT" level=info msg="URL: /static/img/carbike_Icon.png | Method: GET"
time="05 May 22 21:24 EDT" level=info msg="URL: /static/img/phone_Icon.png | Method: GET"
time="05 May 22 21:24 EDT" level=info msg="URL: /static/img/logos/facebook_Logo.png | Method: GET"
time="05 May 22 21:24 EDT" level=info msg="URL: /static/img/wifi_Icon.png | Method: GET"
time="05 May 22 21:24 EDT" level=info msg="URL: /static/img/google-mini.png | Method: GET"
time="05 May 22 21:24 EDT" level=info msg="URL: /static/img/logos/DDS_Swampwagon_Logo.jpg | Method: GET"
time="05 May 22 21:24 EDT" level=info msg="URL: /static/img/favicon/favicon-32x32.png | Method: GET"
time="05 May 22 21:25 EDT" level=info msg="Starting service."
time="05 May 22 21:26 EDT" level=info msg="URL: / | Method: GET"
time="05 May 22 21:26 EDT" level=info msg="URL: /static/js/carousel.js | Method: GET"
time="05 May 22 21:26 EDT" level=info msg="URL: /static/css/duckysdockside.css | Method: GET"
time="05 May 22 21:26 EDT" level=info msg="URL: /static/js/googlemap.js | Method: GET"
time="05 May 22 21:26 EDT" level=info msg="URL: /static/img/logos/DDS_Logo.jpg | Method: GET"
time="05 May 22 21:26 EDT" level=info msg="URL: /static/img/logos/FB-IMG-1648064523173.JPG | Method: GET"
time="05 May 22 21:26 EDT" level=info msg="URL: /static/img/logos/0630211949-HDR.JPG | Method: GET"
time="05 May 22 21:26 EDT" level=info msg="URL: /static/img/carousel/output-image1647987426793.JPG | Method: GET"
time="05 May 22 21:26 EDT" level=info msg="URL: /static/img/carousel/output-image1647987375846.JPG | Method: GET"
time="05 May 22 21:26 EDT" level=info msg="URL: /static/img/carousel/imagejpeg-0.JPG | Method: GET"
time="05 May 22 21:26 EDT" level=info msg="URL: /static/img/carousel/IMG_3018.jpg | Method: GET"
time="05 May 22 21:26 EDT" level=info msg="URL: /static/img/carousel/output-image1647987394780.JPG | Method: GET"
time="05 May 22 21:26 EDT" level=info msg="URL: /static/img/carousel/IMG_3016.jpg | Method: GET"
time="05 May 22 21:26 EDT" level=info msg="URL: /static/img/carousel/IMG_2995.jpg | Method: GET"
time="05 May 22 21:26 EDT" level=info msg="URL: /static/img/carousel/IMG_2848.jpg | Method: GET"
time="05 May 22 21:26 EDT" level=info msg="URL: /static/img/carousel/IMG_2849.jpg | Method: GET"
time="05 May 22 21:26 EDT" level=info msg="URL: /static/img/carousel/IMG_2998.jpg | Method: GET"
time="05 May 22 21:26 EDT" level=info msg="URL: /static/img/carousel/IMG_2991.jpg | Method: GET"
time="05 May 22 21:26 EDT" level=info msg="URL: /static/img/carousel/IMG_3015.jpg | Method: GET"
time="05 May 22 21:26 EDT" level=info msg="URL: /static/img/carbike_Icon.png | Method: GET"
time="05 May 22 21:26 EDT" level=info msg="URL: /static/img/phone_Icon.png | Method: GET"
time="05 May 22 21:26 EDT" level=info msg="URL: /static/img/logos/facebook_Logo.png | Method: GET"
time="05 May 22 21:26 EDT" level=info msg="URL: /static/img/wifi_Icon.png | Method: GET"
time="05 May 22 21:26 EDT" level=info msg="URL: /static/img/google-mini.png | Method: GET"
time="05 May 22 21:26 EDT" level=info msg="URL: /static/img/logos/DDS_Swampwagon_Logo.jpg | Method: GET"
time="05 May 22 21:26 EDT" level=info msg="URL: /static/img/favicon/favicon-32x32.png | Method: GET"
time="06 May 22 00:48 EDT" level=info msg="Starting service."
time="06 May 22 00:48 EDT" level=info msg="URL: / | Method: GET"
time="06 May 22 00:48 EDT" level=info msg="URL: /static/img/logos/0630211949-HDR.JPG | Method: GET"
time="06 May 22 00:48 EDT" level=info msg="URL: /static/js/carousel.js | Method: GET"
time="06 May 22 00:48 EDT" level=info msg="URL: /static/css/duckysdockside.css | Method: GET"
time="06 May 22 00:48 EDT" level=info msg="URL: /static/img/carousel/output-image1647987394780.JPG | Method: GET"
time="06 May 22 00:48 EDT" level=info msg="URL: /static/img/google-mini.png | Method: GET"
time="06 May 22 00:48 EDT" level=info msg="URL: /static/img/logos/DDS_Swampwagon_Logo.jpg | Method: GET"
time="06 May 22 00:48 EDT" level=info msg="URL: /static/img/favicon/site.webmanifest | Method: GET"
time="06 May 22 00:48 EDT" level=info msg="URL: / | Method: GET"
time="06 May 22 00:50 EDT" level=info msg="Starting service."
time="06 May 22 00:51 EDT" level=info msg="URL: / | Method: GET"
time="06 May 22 00:51 EDT" level=info msg="URL: / | Method: GET"
time="06 May 22 00:51 EDT" level=info msg="URL: /static/css/duckysdockside.css | Method: GET"
time="06 May 22 00:51 EDT" level=info msg="URL: /static/js/googlemap.js | Method: GET"
time="06 May 22 00:51 EDT" level=info msg="URL: /static/js/carousel.js | Method: GET"
time="06 May 22 00:51 EDT" level=info msg="URL: /static/img/logos/DDS_Logo.jpg | Method: GET"
time="06 May 22 00:51 EDT" level=info msg="URL: /static/img/logos/FB-IMG-1648064523173.JPG | Method: GET"
time="06 May 22 00:51 EDT" level=info msg="URL: /static/img/carousel/output-image1647987426793.JPG | Method: GET"
time="06 May 22 00:51 EDT" level=info msg="URL: /static/img/logos/0630211949-HDR.JPG | Method: GET"
time="06 May 22 00:51 EDT" level=info msg="URL: /static/img/carousel/output-image1647987375846.JPG | Method: GET"
time="06 May 22 00:51 EDT" level=info msg="URL: /static/img/carousel/imagejpeg-0.JPG | Method: GET"
time="06 May 22 00:51 EDT" level=info msg="URL: /static/img/carousel/IMG_3018.jpg | Method: GET"
time="06 May 22 00:51 EDT" level=info msg="URL: /static/img/google-mini.png | Method: GET"
time="06 May 22 00:51 EDT" level=info msg="URL: /static/img/carousel/output-image1647987394780.JPG | Method: GET"
time="06 May 22 00:51 EDT" level=info msg="URL: /static/img/carousel/IMG_2995.jpg | Method: GET"
time="06 May 22 00:51 EDT" level=info msg="URL: /static/img/carousel/IMG_3016.jpg | Method: GET"
time="06 May 22 00:51 EDT" level=info msg="URL: /static/img/logos/facebook_Logo.png | Method: GET"
time="06 May 22 00:51 EDT" level=info msg="URL: /static/img/wifi_Icon.png | Method: GET"
time="06 May 22 00:51 EDT" level=info msg="URL: /static/img/phone_Icon.png | Method: GET"
time="06 May 22 00:51 EDT" level=info msg="URL: /static/img/carbike_Icon.png | Method: GET"
time="06 May 22 00:51 EDT" level=info msg="URL: /static/img/carousel/IMG_2848.jpg | Method: GET"
time="06 May 22 00:51 EDT" level=info msg="URL: /static/img/carousel/IMG_2998.jpg | Method: GET"
time="06 May 22 00:51 EDT" level=info msg="URL: /static/img/carousel/IMG_2849.jpg | Method: GET"
time="06 May 22 00:51 EDT" level=info msg="URL: /static/img/carousel/IMG_2991.jpg | Method: GET"
time="06 May 22 00:51 EDT" level=info msg="URL: /static/img/carousel/IMG_3015.jpg | Method: GET"
time="06 May 22 00:51 EDT" level=info msg="URL: /static/img/logos/DDS_Swampwagon_Logo.jpg | Method: GET"
time="06 May 22 00:51 EDT" level=info msg="URL: /static/img/favicon/favicon-32x32.png | Method: GET"
time="06 May 22 08:37 EDT" level=info msg="Starting service."
time="06 May 22 08:37 EDT" level=info msg="URL: / | Method: GET"
time="06 May 22 08:37 EDT" level=info msg="URL: /static/css/duckysdockside.css | Method: GET"
time="06 May 22 08:37 EDT" level=info msg="URL: /static/js/carousel.js | Method: GET"
time="06 May 22 08:37 EDT" level=info msg="URL: /static/img/carousel/IMG_2991.jpg | Method: GET"
time="06 May 22 08:37 EDT" level=info msg="URL: /static/img/carousel/IMG_2849.jpg | Method: GET"
time="06 May 22 08:37 EDT" level=info msg="URL: /static/img/carousel/IMG_3015.jpg | Method: GET"
time="06 May 22 13:42 EDT" level=info msg="Starting service."
time="06 May 22 13:42 EDT" level=info msg="URL: / | Method: GET"
time="06 May 22 13:42 EDT" level=info msg="URL: /static/css/duckysdockside.css | Method: GET"
time="06 May 22 13:42 EDT" level=info msg="URL: /static/js/carousel.js | Method: GET"
time="06 May 22 13:42 EDT" level=info msg="URL: /static/img/logos/DDS_Logo.jpg | Method: GET"
time="06 May 22 13:42 EDT" level=info msg="URL: /static/img/logos/FB-IMG-1648064523173.JPG | Method: GET"
time="06 May 22 13:42 EDT" level=info msg="URL: /static/img/logos/0630211949-HDR.JPG | Method: GET"
time="06 May 22 13:42 EDT" level=info msg="URL: /static/img/carousel/output-image1647987426793.JPG | Method: GET"
time="06 May 22 13:42 EDT" level=info msg="URL: /static/img/carousel/output-image1647987375846.JPG | Method: GET"
time="06 May 22 13:42 EDT" level=info msg="URL: /static/img/carousel/imagejpeg-0.JPG | Method: GET"
time="06 May 22 13:42 EDT" level=info msg="URL: /static/img/carousel/IMG_3018.jpg | Method: GET"
time="06 May 22 13:42 EDT" level=info msg="URL: /static/img/carousel/output-image1647987394780.JPG | Method: GET"
time="06 May 22 13:42 EDT" level=info msg="URL: /static/img/carousel/IMG_2995.jpg | Method: GET"
time="06 May 22 13:42 EDT" level=info msg="URL: /static/img/carousel/IMG_3016.jpg | Method: GET"
time="06 May 22 13:42 EDT" level=info msg="URL: /static/img/carousel/IMG_2848.jpg | Method: GET"
time="06 May 22 13:42 EDT" level=info msg="URL: /static/img/carousel/IMG_2998.jpg | Method: GET"
time="06 May 22 13:42 EDT" level=info msg="URL: /static/img/carousel/IMG_2849.jpg | Method: GET"
time="06 May 22 13:42 EDT" level=info msg="URL: /static/img/carousel/IMG_2991.jpg | Method: GET"
time="06 May 22 13:42 EDT" level=info msg="URL: /static/img/carousel/IMG_3015.jpg | Method: GET"
time="06 May 22 13:42 EDT" level=info msg="URL: /static/img/carbike_Icon.png | Method: GET"
time="06 May 22 13:42 EDT" level=info msg="URL: /static/img/logos/facebook_Logo.png | Method: GET"
time="06 May 22 13:42 EDT" level=info msg="URL: /static/img/wifi_Icon.png | Method: GET"
time="06 May 22 13:42 EDT" level=info msg="URL: /static/img/phone_Icon.png | Method: GET"
time="06 May 22 13:42 EDT" level=info msg="URL: /static/img/google-mini.png | Method: GET"
time="06 May 22 13:42 EDT" level=info msg="URL: /static/img/logos/DDS_Swampwagon_Logo.jpg | Method: GET"
time="06 May 22 13:42 EDT" level=info msg="URL: /static/img/favicon/favicon-32x32.png | Method: GET"
time="06 May 22 13:57 EDT" level=info msg="URL: / | Method: GET"
time="06 May 22 13:57 EDT" level=info msg="URL: /static/css/duckysdockside.css | Method: GET"
time="06 May 22 13:57 EDT" level=info msg="URL: /static/js/carousel.js | Method: GET"
time="06 May 22 13:57 EDT" level=info msg="URL: /static/js/googlemap.js | Method: GET"
time="06 May 22 13:57 EDT" level=info msg="URL: /static/img/logos/DDS_Logo.jpg | Method: GET"
time="06 May 22 13:57 EDT" level=info msg="URL: /static/img/logos/FB-IMG-1648064523173.JPG | Method: GET"
time="06 May 22 13:57 EDT" level=info msg="URL: /static/img/logos/0630211949-HDR.JPG | Method: GET"
time="06 May 22 13:57 EDT" level=info msg="URL: /static/img/carousel/output-image1647987426793.JPG | Method: GET"
time="06 May 22 13:57 EDT" level=info msg="URL: /static/img/carousel/output-image1647987375846.JPG | Method: GET"
time="06 May 22 13:57 EDT" level=info msg="URL: /static/img/carousel/IMG_3018.jpg | Method: GET"
time="06 May 22 13:57 EDT" level=info msg="URL: /static/img/carousel/imagejpeg-0.JPG | Method: GET"
time="06 May 22 13:57 EDT" level=info msg="URL: /static/img/carousel/IMG_2995.jpg | Method: GET"
time="06 May 22 13:57 EDT" level=info msg="URL: /static/img/carousel/output-image1647987394780.JPG | Method: GET"
time="06 May 22 13:57 EDT" level=info msg="URL: /static/img/carousel/IMG_3016.jpg | Method: GET"
time="06 May 22 13:57 EDT" level=info msg="URL: /static/img/carousel/IMG_2848.jpg | Method: GET"
time="06 May 22 13:57 EDT" level=info msg="URL: /static/img/carousel/IMG_2998.jpg | Method: GET"
time="06 May 22 13:57 EDT" level=info msg="URL: /static/img/carousel/IMG_2991.jpg | Method: GET"
time="06 May 22 13:57 EDT" level=info msg="URL: /static/img/carousel/IMG_2849.jpg | Method: GET"
time="06 May 22 13:57 EDT" level=info msg="URL: /static/img/wifi_Icon.png | Method: GET"
time="06 May 22 13:57 EDT" level=info msg="URL: /static/img/phone_Icon.png | Method: GET"
time="06 May 22 13:57 EDT" level=info msg="URL: /static/img/carbike_Icon.png | Method: GET"
time="06 May 22 13:57 EDT" level=info msg="URL: /static/img/logos/facebook_Logo.png | Method: GET"
time="06 May 22 13:57 EDT" level=info msg="URL: /static/img/google-mini.png | Method: GET"
time="06 May 22 13:57 EDT" level=info msg="URL: /static/img/carousel/IMG_3015.jpg | Method: GET"
time="06 May 22 13:57 EDT" level=info msg="URL: /static/img/logos/DDS_Swampwagon_Logo.jpg | Method: GET"
time="06 May 22 13:57 EDT" level=info msg="URL: /static/img/favicon/favicon-32x32.png | Method: GET"
time="06 May 22 14:06 EDT" level=info msg="Starting service."
time="06 May 22 14:06 EDT" level=info msg="URL: / | Method: GET"
time="06 May 22 14:06 EDT" level=info msg="URL: /static/css/duckysdockside.css | Method: GET"
time="06 May 22 14:06 EDT" level=info msg="URL: /static/js/carousel.js | Method: GET"
time="06 May 22 14:06 EDT" level=info msg="URL: /static/js/googlemap.js | Method: GET"
time="06 May 22 14:06 EDT" level=info msg="URL: /static/img/logos/DDS_Logo.jpg | Method: GET"
time="06 May 22 14:06 EDT" level=info msg="URL: /static/img/logos/FB-IMG-1648064523173.JPG | Method: GET"
time="06 May 22 14:06 EDT" level=info msg="URL: /static/img/logos/0630211949-HDR.JPG | Method: GET"
time="06 May 22 14:06 EDT" level=info msg="URL: /static/img/carousel/output-image1647987426793.JPG | Method: GET"
time="06 May 22 14:06 EDT" level=info msg="URL: /static/img/carousel/output-image1647987375846.JPG | Method: GET"
time="06 May 22 14:06 EDT" level=info msg="URL: /static/img/carousel/imagejpeg-0.JPG | Method: GET"
time="06 May 22 14:06 EDT" level=info msg="URL: /static/img/carousel/IMG_3018.jpg | Method: GET"
time="06 May 22 14:06 EDT" level=info msg="URL: /static/img/carousel/output-image1647987394780.JPG | Method: GET"
time="06 May 22 14:06 EDT" level=info msg="URL: /static/img/carousel/IMG_2995.jpg | Method: GET"
time="06 May 22 14:06 EDT" level=info msg="URL: /static/img/carousel/IMG_3016.jpg | Method: GET"
time="06 May 22 14:06 EDT" level=info msg="URL: /static/img/carousel/IMG_2848.jpg | Method: GET"
time="06 May 22 14:06 EDT" level=info msg="URL: /static/img/carousel/IMG_2998.jpg | Method: GET"
time="06 May 22 14:06 EDT" level=info msg="URL: /static/img/carousel/IMG_2849.jpg | Method: GET"
time="06 May 22 14:06 EDT" level=info msg="URL: /static/img/carousel/IMG_2991.jpg | Method: GET"
time="06 May 22 14:06 EDT" level=info msg="URL: /static/img/carousel/IMG_3015.jpg | Method: GET"
time="06 May 22 14:06 EDT" level=info msg="URL: /static/img/carbike_Icon.png | Method: GET"
time="06 May 22 14:06 EDT" level=info msg="URL: /static/img/google-mini.png | Method: GET"
time="06 May 22 14:06 EDT" level=info msg="URL: /static/img/logos/facebook_Logo.png | Method: GET"
time="06 May 22 14:06 EDT" level=info msg="URL: /static/img/phone_Icon.png | Method: GET"
time="06 May 22 14:06 EDT" level=info msg="URL: /static/img/wifi_Icon.png | Method: GET"
time="06 May 22 14:06 EDT" level=info msg="URL: /static/img/logos/DDS_Swampwagon_Logo.jpg | Method: GET"
time="06 May 22 14:06 EDT" level=info msg="URL: /static/img/favicon/favicon-32x32.png | Method: GET"
time="06 May 22 14:07 EDT" level=info msg="Starting service."
time="06 May 22 14:07 EDT" level=info msg="URL: / | Method: GET"
time="06 May 22 14:10 EDT" level=info msg="Starting service."
time="06 May 22 14:10 EDT" level=info msg="URL: / | Method: GET"
time="06 May 22 14:10 EDT" level=info msg="URL: /static/css/duckysdockside.css | Method: GET"
time="06 May 22 14:10 EDT" level=info msg="URL: /static/js/carousel.js | Method: GET"
time="06 May 22 14:10 EDT" level=info msg="URL: /static/js/googlemap.js | Method: GET"
time="06 May 22 14:10 EDT" level=info msg="URL: /static/img/logos/DDS_Logo.jpg | Method: GET"
time="06 May 22 14:10 EDT" level=info msg="URL: /static/img/logos/FB-IMG-1648064523173.JPG | Method: GET"
time="06 May 22 14:10 EDT" level=info msg="URL: /static/img/logos/0630211949-HDR.JPG | Method: GET"
time="06 May 22 14:10 EDT" level=info msg="URL: /static/img/carousel/output-image1647987426793.JPG | Method: GET"
time="06 May 22 14:10 EDT" level=info msg="URL: /static/img/carousel/output-image1647987375846.JPG | Method: GET"
time="06 May 22 14:10 EDT" level=info msg="URL: /static/img/carousel/imagejpeg-0.JPG | Method: GET"
time="06 May 22 14:10 EDT" level=info msg="URL: /static/img/carousel/IMG_3018.jpg | Method: GET"
time="06 May 22 14:10 EDT" level=info msg="URL: /static/img/carousel/output-image1647987394780.JPG | Method: GET"
time="06 May 22 14:10 EDT" level=info msg="URL: /static/img/carousel/IMG_2995.jpg | Method: GET"
time="06 May 22 14:10 EDT" level=info msg="URL: /static/img/carousel/IMG_3016.jpg | Method: GET"
time="06 May 22 14:10 EDT" level=info msg="URL: /static/img/carousel/IMG_2848.jpg | Method: GET"
time="06 May 22 14:10 EDT" level=info msg="URL: /static/img/carousel/IMG_2849.jpg | Method: GET"
time="06 May 22 14:10 EDT" level=info msg="URL: /static/img/carousel/IMG_2998.jpg | Method: GET"
time="06 May 22 14:10 EDT" level=info msg="URL: /static/img/carousel/IMG_2991.jpg | Method: GET"
time="06 May 22 14:10 EDT" level=info msg="URL: /static/img/carousel/IMG_3015.jpg | Method: GET"
time="06 May 22 14:10 EDT" level=info msg="URL: /static/img/google-mini.png | Method: GET"
time="06 May 22 14:10 EDT" level=info msg="URL: /static/img/logos/facebook_Logo.png | Method: GET"
time="06 May 22 14:10 EDT" level=info msg="URL: /static/img/wifi_Icon.png | Method: GET"
time="06 May 22 14:10 EDT" level=info msg="URL: /static/img/phone_Icon.png | Method: GET"
time="06 May 22 14:10 EDT" level=info msg="URL: /static/img/logos/DDS_Swampwagon_Logo.jpg | Method: GET"
time="06 May 22 14:10 EDT" level=info msg="URL: /static/img/carbike_Icon.png | Method: GET"
time="06 May 22 14:10 EDT" level=info msg="URL: /static/img/favicon/favicon-32x32.png | Method: GET"
time="06 May 22 14:19 EDT" level=info msg="Starting service."
time="06 May 22 14:19 EDT" level=info msg="URL: / | Method: GET"
time="06 May 22 14:19 EDT" level=info msg="URL: /static/css/duckysdockside.css | Method: GET"
time="06 May 22 14:19 EDT" level=info msg="URL: /static/js/googlemap.js | Method: GET"
time="06 May 22 14:19 EDT" level=info msg="URL: /static/js/carousel.js | Method: GET"
time="06 May 22 14:19 EDT" level=info msg="URL: /static/img/logos/DDS_Logo.jpg | Method: GET"
time="06 May 22 14:19 EDT" level=info msg="URL: /static/img/logos/FB-IMG-1648064523173.JPG | Method: GET"
time="06 May 22 14:19 EDT" level=info msg="URL: /static/img/logos/0630211949-HDR.JPG | Method: GET"
time="06 May 22 14:19 EDT" level=info msg="URL: /static/img/carousel/output-image1647987426793.JPG | Method: GET"
time="06 May 22 14:19 EDT" level=info msg="URL: /static/img/carousel/output-image1647987375846.JPG | Method: GET"
time="06 May 22 14:19 EDT" level=info msg="URL: /static/img/carousel/imagejpeg-0.JPG | Method: GET"
time="06 May 22 14:19 EDT" level=info msg="URL: /static/img/carousel/IMG_3018.jpg | Method: GET"
time="06 May 22 14:19 EDT" level=info msg="URL: /static/img/carousel/output-image1647987394780.JPG | Method: GET"
time="06 May 22 14:19 EDT" level=info msg="URL: /static/img/carousel/IMG_2995.jpg | Method: GET"
time="06 May 22 14:19 EDT" level=info msg="URL: /static/img/carousel/IMG_3016.jpg | Method: GET"
time="06 May 22 14:19 EDT" level=info msg="URL: /static/img/carousel/IMG_2998.jpg | Method: GET"
time="06 May 22 14:19 EDT" level=info msg="URL: /static/img/carousel/IMG_2848.jpg | Method: GET"
time="06 May 22 14:19 EDT" level=info msg="URL: /static/img/carousel/IMG_2849.jpg | Method: GET"
time="06 May 22 14:19 EDT" level=info msg="URL: /static/img/carousel/IMG_2991.jpg | Method: GET"
time="06 May 22 14:19 EDT" level=info msg="URL: /static/img/carousel/IMG_3015.jpg | Method: GET"
time="06 May 22 14:19 EDT" level=info msg="URL: /static/img/carbike_Icon.png | Method: GET"
time="06 May 22 14:19 EDT" level=info msg="URL: /static/img/logos/facebook_Logo.png | Method: GET"
time="06 May 22 14:19 EDT" level=info msg="URL: /static/img/wifi_Icon.png | Method: GET"
time="06 May 22 14:19 EDT" level=info msg="URL: /static/img/phone_Icon.png | Method: GET"
time="06 May 22 14:19 EDT" level=info msg="URL: /static/img/google-mini.png | Method: GET"
time="06 May 22 14:19 EDT" level=info msg="URL: /static/img/logos/DDS_Swampwagon_Logo.jpg | Method: GET"
time="06 May 22 14:19 EDT" level=info msg="URL: /static/img/favicon/favicon-32x32.png | Method: GET"
time="06 May 22 14:22 EDT" level=info msg="Starting service."
time="06 May 22 14:22 EDT" level=info msg="URL: / | Method: GET"
time="06 May 22 14:22 EDT" level=info msg="URL: / | Method: GET"
time="06 May 22 14:22 EDT" level=info msg="URL: /static/css/duckysdockside.css | Method: GET"
time="06 May 22 14:22 EDT" level=info msg="URL: /static/js/googlemap.js | Method: GET"
time="06 May 22 14:22 EDT" level=info msg="URL: /static/js/carousel.js | Method: GET"
time="06 May 22 14:22 EDT" level=info msg="URL: /static/img/logos/DDS_Logo.jpg | Method: GET"
time="06 May 22 14:22 EDT" level=info msg="URL: /static/img/logos/FB-IMG-1648064523173.JPG | Method: GET"
time="06 May 22 14:22 EDT" level=info msg="URL: /static/img/logos/0630211949-HDR.JPG | Method: GET"
time="06 May 22 14:22 EDT" level=info msg="URL: /static/img/carousel/output-image1647987426793.JPG | Method: GET"
time="06 May 22 14:22 EDT" level=info msg="URL: /static/img/carousel/output-image1647987375846.JPG | Method: GET"
time="06 May 22 14:22 EDT" level=info msg="URL: /static/img/carousel/imagejpeg-0.JPG | Method: GET"
time="06 May 22 14:22 EDT" level=info msg="URL: /static/img/carousel/IMG_3018.jpg | Method: GET"
time="06 May 22 14:22 EDT" level=info msg="URL: /static/img/carousel/output-image1647987394780.JPG | Method: GET"
time="06 May 22 14:22 EDT" level=info msg="URL: /static/img/carousel/IMG_2995.jpg | Method: GET"
time="06 May 22 14:22 EDT" level=info msg="URL: /static/img/carousel/IMG_3016.jpg | Method: GET"
time="06 May 22 14:22 EDT" level=info msg="URL: /static/img/carousel/IMG_2848.jpg | Method: GET"
time="06 May 22 14:22 EDT" level=info msg="URL: /static/img/carousel/IMG_2998.jpg | Method: GET"
time="06 May 22 14:22 EDT" level=info msg="URL: /static/img/carousel/IMG_2849.jpg | Method: GET"
time="06 May 22 14:22 EDT" level=info msg="URL: /static/img/carousel/IMG_2991.jpg | Method: GET"
time="06 May 22 14:22 EDT" level=info msg="URL: /static/img/carousel/IMG_3015.jpg | Method: GET"
time="06 May 22 14:22 EDT" level=info msg="URL: /static/img/carbike_Icon.png | Method: GET"
time="06 May 22 14:22 EDT" level=info msg="URL: /static/img/phone_Icon.png | Method: GET"
time="06 May 22 14:22 EDT" level=info msg="URL: /static/img/wifi_Icon.png | Method: GET"
time="06 May 22 14:22 EDT" level=info msg="URL: /static/img/google-mini.png | Method: GET"
time="06 May 22 14:22 EDT" level=info msg="URL: /static/img/logos/facebook_Logo.png | Method: GET"
time="06 May 22 14:22 EDT" level=info msg="URL: /static/img/logos/DDS_Swampwagon_Logo.jpg | Method: GET"
time="06 May 22 14:22 EDT" level=info msg="URL: /static/img/favicon/favicon-32x32.png | Method: GET"
time="06 May 22 14:24 EDT" level=info msg="Starting service."
time="06 May 22 14:25 EDT" level=info msg="URL: / | Method: GET"
time="06 May 22 14:25 EDT" level=info msg="URL: /static/css/duckysdockside.css | Method: GET"
